<?xml version="1.0" encoding="UTF-8"?>
<!-- Generated by org.testng.reporters.JUnitReportReporter -->
<testsuite hostname="GYRUS-222" name="Manage_System.Organization" tests="1" failures="0" timestamp="23 Apr 2019 10:56:32 GMT" time="0.000" errors="0">
  <testcase name="f" time="0.000" classname="Manage_System.Organization"/>
</testsuite> <!-- Manage_System.Organization -->
