<?xml version="1.0" encoding="UTF-8"?>
<!-- Generated by org.testng.reporters.JUnitReportReporter -->
<testsuite skipped="0" hostname="GYRUS-222" name="Manage_System.Employee.Add_Employee" tests="1" failures="0" timestamp="27 Aug 2019 08:57:30 GMT" time="103.911" errors="0">
  <testcase name="Adding_Employee" time="103.911" classname="Manage_System.Employee.Add_Employee"/>
</testsuite> <!-- Manage_System.Employee.Add_Employee -->
