<?xml version="1.0" encoding="UTF-8"?>
<!-- Generated by org.testng.reporters.JUnitReportReporter -->
<testsuite skipped="0" hostname="GYRUS-222" name="Manage_System.Job.Add_Job" tests="3" failures="0" timestamp="27 Aug 2019 08:57:30 GMT" time="217.604" errors="0">
  <testcase name="Adding_Job" time="118.638" classname="Manage_System.Job.Add_Job"/>
  <testcase name="Edit_Job" time="78.169" classname="Manage_System.Job.Add_Job"/>
  <testcase name="Delete_Job" time="20.797" classname="Manage_System.Job.Add_Job"/>
</testsuite> <!-- Manage_System.Job.Add_Job -->
