<?xml version="1.0" encoding="UTF-8"?>
<!-- Generated by org.testng.reporters.JUnitReportReporter -->
<testsuite skipped="0" hostname="GYRUS-222" name="Manage_System.Organization.Organization" tests="3" failures="0" timestamp="27 Aug 2019 08:57:30 GMT" time="178.125" errors="0">
  <testcase name="Add_ORG" time="74.772" classname="Manage_System.Organization.Organization"/>
  <testcase name="Edit_ORG" time="76.317" classname="Manage_System.Organization.Organization"/>
  <testcase name="Delete_Organization" time="27.036" classname="Manage_System.Organization.Organization"/>
</testsuite> <!-- Manage_System.Organization.Organization -->
