<?xml version="1.0" encoding="UTF-8"?>
<!-- Generated by org.testng.reporters.JUnitReportReporter -->
<testsuite skipped="0" hostname="GYRUS-222" name="Manage_System.Employee.Emoployee_Functionality" tests="5" failures="0" timestamp="27 Aug 2019 08:57:30 GMT" time="263.913" errors="0">
  <testcase name="View_Add_Employee" time="85.679" classname="Manage_System.Employee.Emoployee_Functionality"/>
  <testcase name="Edit_Employee" time="64.574" classname="Manage_System.Employee.Emoployee_Functionality"/>
  <testcase name="Deactivate_Employee" time="22.020" classname="Manage_System.Employee.Emoployee_Functionality"/>
  <testcase name="Delete_Employee" time="19.134" classname="Manage_System.Employee.Emoployee_Functionality"/>
  <testcase name="Action_Employee_Functioanlity" time="72.506" classname="Manage_System.Employee.Emoployee_Functionality"/>
</testsuite> <!-- Manage_System.Employee.Emoployee_Functionality -->
