<?xml version="1.0" encoding="UTF-8"?>
<!-- Generated by org.testng.reporters.JUnitReportReporter -->
<testsuite hostname="GYRUS-222" name="Master.Log_Out" tests="1" failures="0" timestamp="23 Apr 2019 11:49:19 GMT" time="38.103" errors="0">
  <testcase name="Logout" time="38.103" classname="Master.Log_Out"/>
</testsuite> <!-- Master.Log_Out -->
