<?xml version="1.0" encoding="UTF-8"?>
<!-- Generated by org.testng.reporters.JUnitReportReporter -->
<testsuite skipped="0" hostname="GYRUS-222" name="Master.LogIn" tests="1" failures="0" timestamp="27 Aug 2019 08:57:30 GMT" time="25.135" errors="0">
  <testcase name="Log_In" time="25.135" classname="Master.LogIn"/>
</testsuite> <!-- Master.LogIn -->
